<?xml version="1.0" encoding="UTF-8"?>
<coverage generated="1622619817259" clover="3.2.0">
  <project timestamp="1622619817259" name="All files">
    <metrics statements="34" coveredstatements="28" conditionals="18" coveredconditionals="8" methods="4" coveredmethods="4" elements="56" coveredelements="40" complexity="0" loc="34" ncloc="34" packages="3" files="4" classes="4"/>
    <package name="Heading">
      <metrics statements="12" coveredstatements="7" conditionals="12" coveredconditionals="3" methods="1" coveredmethods="1"/>
      <file name="index.tsx" path="/home/kneazle/Learn/PokemonDesk/src/Heading/index.tsx">
        <metrics statements="12" coveredstatements="7" conditionals="12" coveredconditionals="3" methods="1" coveredmethods="1"/>
        <line num="1" count="1" type="stmt"/>
        <line num="2" count="1" type="stmt"/>
        <line num="8" count="3" type="stmt"/>
        <line num="10" count="3" type="cond" truecount="2" falsecount="0"/>
        <line num="11" count="1" type="cond" truecount="1" falsecount="1"/>
        <line num="12" count="0" type="cond" truecount="0" falsecount="2"/>
        <line num="13" count="0" type="cond" truecount="0" falsecount="2"/>
        <line num="14" count="0" type="cond" truecount="0" falsecount="2"/>
        <line num="15" count="0" type="cond" truecount="0" falsecount="2"/>
        <line num="16" count="0" type="stmt"/>
        <line num="18" count="3" type="stmt"/>
        <line num="21" count="1" type="stmt"/>
      </file>
    </package>
    <package name="config">
      <metrics statements="2" coveredstatements="2" conditionals="0" coveredconditionals="0" methods="0" coveredmethods="0"/>
      <file name="index.tsx" path="/home/kneazle/Learn/PokemonDesk/src/config/index.tsx">
        <metrics statements="2" coveredstatements="2" conditionals="0" coveredconditionals="0" methods="0" coveredmethods="0"/>
        <line num="1" count="1" type="stmt"/>
        <line num="42" count="1" type="stmt"/>
      </file>
    </package>
    <package name="utils">
      <metrics statements="20" coveredstatements="19" conditionals="6" coveredconditionals="5" methods="3" coveredmethods="3"/>
      <file name="getUrlWithParamsConfig.ts" path="/home/kneazle/Learn/PokemonDesk/src/utils/getUrlWithParamsConfig.ts">
        <metrics statements="17" coveredstatements="16" conditionals="4" coveredconditionals="3" methods="2" coveredmethods="2"/>
        <line num="1" count="1" type="stmt"/>
        <line num="19" count="3" type="stmt"/>
        <line num="20" count="3" type="stmt"/>
        <line num="22" count="3" type="stmt"/>
        <line num="30" count="3" type="stmt"/>
        <line num="34" count="3" type="stmt"/>
        <line num="35" count="2" type="cond" truecount="2" falsecount="0"/>
        <line num="36" count="1" type="stmt"/>
        <line num="37" count="1" type="stmt"/>
        <line num="38" count="1" type="stmt"/>
        <line num="40" count="1" type="stmt"/>
        <line num="43" count="3" type="stmt"/>
        <line num="45" count="3" type="cond" truecount="1" falsecount="1"/>
        <line num="46" count="3" type="stmt"/>
        <line num="51" count="0" type="stmt"/>
        <line num="54" count="3" type="stmt"/>
        <line num="61" count="1" type="stmt"/>
      </file>
      <file name="toCapitalizeFirstLetter.ts" path="/home/kneazle/Learn/PokemonDesk/src/utils/toCapitalizeFirstLetter.ts">
        <metrics statements="3" coveredstatements="3" conditionals="2" coveredconditionals="2" methods="1" coveredmethods="1"/>
        <line num="2" count="3" type="cond" truecount="2" falsecount="0"/>
        <line num="4" count="2" type="stmt"/>
        <line num="7" count="1" type="stmt"/>
      </file>
    </package>
  </project>
</coverage>
