{"/home/kneazle/Learn/PokemonDesk/src/Heading/index.tsx": {"path":"/home/kneazle/Learn/PokemonDesk/src/Heading/index.tsx","statementMap":{"0":{"start":{"line":1,"column":0},"end":{"line":1,"column":26}},"1":{"start":{"line":2,"column":0},"end":{"line":2,"column":38}},"2":{"start":{"line":8,"column":40},"end":{"line":19,"column":1}},"3":{"start":{"line":8,"column":51},"end":{"line":8,"column":53}},"4":{"start":{"line":8,"column":57},"end":{"line":8,"column":59}},"5":{"start":{"line":10,"column":2},"end":{"line":16,"column":56}},"6":{"start":{"line":10,"column":21},"end":{"line":10,"column":65}},"7":{"start":{"line":11,"column":7},"end":{"line":16,"column":56}},"8":{"start":{"line":11,"column":26},"end":{"line":11,"column":70}},"9":{"start":{"line":12,"column":7},"end":{"line":16,"column":56}},"10":{"start":{"line":12,"column":26},"end":{"line":12,"column":70}},"11":{"start":{"line":13,"column":7},"end":{"line":16,"column":56}},"12":{"start":{"line":13,"column":26},"end":{"line":13,"column":70}},"13":{"start":{"line":14,"column":7},"end":{"line":16,"column":56}},"14":{"start":{"line":14,"column":26},"end":{"line":14,"column":70}},"15":{"start":{"line":15,"column":7},"end":{"line":16,"column":56}},"16":{"start":{"line":15,"column":26},"end":{"line":15,"column":70}},"17":{"start":{"line":16,"column":7},"end":{"line":16,"column":56}},"18":{"start":{"line":18,"column":2},"end":{"line":18,"column":14}},"19":{"start":{"line":21,"column":0},"end":{"line":21,"column":23}}},"fnMap":{"0":{"name":"(anonymous_1)","decl":{"start":{"line":8,"column":40},"end":{"line":8,"column":41}},"loc":{"start":{"line":8,"column":59},"end":{"line":19,"column":1}}}},"branchMap":{"0":{"loc":{"start":{"line":10,"column":2},"end":{"line":16,"column":56}},"type":"if","locations":[{"start":{"line":10,"column":2},"end":{"line":16,"column":56}},{"start":{"line":10,"column":2},"end":{"line":16,"column":56}}]},"1":{"loc":{"start":{"line":11,"column":7},"end":{"line":16,"column":56}},"type":"if","locations":[{"start":{"line":11,"column":7},"end":{"line":16,"column":56}},{"start":{"line":11,"column":7},"end":{"line":16,"column":56}}]},"2":{"loc":{"start":{"line":12,"column":7},"end":{"line":16,"column":56}},"type":"if","locations":[{"start":{"line":12,"column":7},"end":{"line":16,"column":56}},{"start":{"line":12,"column":7},"end":{"line":16,"column":56}}]},"3":{"loc":{"start":{"line":13,"column":7},"end":{"line":16,"column":56}},"type":"if","locations":[{"start":{"line":13,"column":7},"end":{"line":16,"column":56}},{"start":{"line":13,"column":7},"end":{"line":16,"column":56}}]},"4":{"loc":{"start":{"line":14,"column":7},"end":{"line":16,"column":56}},"type":"if","locations":[{"start":{"line":14,"column":7},"end":{"line":16,"column":56}},{"start":{"line":14,"column":7},"end":{"line":16,"column":56}}]},"5":{"loc":{"start":{"line":15,"column":7},"end":{"line":16,"column":56}},"type":"if","locations":[{"start":{"line":15,"column":7},"end":{"line":16,"column":56}},{"start":{"line":15,"column":7},"end":{"line":16,"column":56}}]}},"s":{"0":1,"1":1,"2":1,"3":3,"4":3,"5":3,"6":2,"7":1,"8":1,"9":0,"10":0,"11":0,"12":0,"13":0,"14":0,"15":0,"16":0,"17":0,"18":3,"19":1},"f":{"0":3},"b":{"0":[2,1],"1":[1,0],"2":[0,0],"3":[0,0],"4":[0,0],"5":[0,0]}}
,"/home/kneazle/Learn/PokemonDesk/src/config/index.tsx": {"path":"/home/kneazle/Learn/PokemonDesk/src/config/index.tsx","statementMap":{"0":{"start":{"line":1,"column":13},"end":{"line":40,"column":2}},"1":{"start":{"line":42,"column":0},"end":{"line":42,"column":22}}},"fnMap":{},"branchMap":{},"s":{"0":1,"1":1},"f":{},"b":{}}
,"/home/kneazle/Learn/PokemonDesk/src/utils/getUrlWithParamsConfig.ts": {"path":"/home/kneazle/Learn/PokemonDesk/src/utils/getUrlWithParamsConfig.ts","statementMap":{"0":{"start":{"line":1,"column":0},"end":{"line":1,"column":31}},"1":{"start":{"line":19,"column":37},"end":{"line":19,"column":114}},"2":{"start":{"line":19,"column":16},"end":{"line":19,"column":18}},"3":{"start":{"line":19,"column":21},"end":{"line":19,"column":37}},"4":{"start":{"line":20,"column":13},"end":{"line":20,"column":15}},"5":{"start":{"line":22,"column":20},"end":{"line":26,"column":null}},"6":{"start":{"line":30,"column":13},"end":{"line":31,"column":null}},"7":{"start":{"line":34,"column":19},"end":{"line":41,"column":27}},"8":{"start":{"line":35,"column":4},"end":{"line":39,"column":null}},"9":{"start":{"line":36,"column":21},"end":{"line":36,"column":78}},"10":{"start":{"line":37,"column":6},"end":{"line":37,"column":46}},"11":{"start":{"line":38,"column":6},"end":{"line":38,"column":20}},"12":{"start":{"line":40,"column":4},"end":{"line":40,"column":15}},"13":{"start":{"line":43,"column":2},"end":{"line":43,"column":35}},"14":{"start":{"line":45,"column":2},"end":{"line":52,"column":null}},"15":{"start":{"line":46,"column":4},"end":{"line":49,"column":6}},"16":{"start":{"line":51,"column":4},"end":{"line":51,"column":17}},"17":{"start":{"line":54,"column":2},"end":{"line":58,"column":4}},"18":{"start":{"line":61,"column":0},"end":{"line":61,"column":38}}},"fnMap":{"0":{"name":"getUrlWithParamsConfig","decl":{"start":{"line":18,"column":9},"end":{"line":18,"column":31}},"loc":{"start":{"line":18,"column":67},"end":{"line":59,"column":1}}},"1":{"name":"(anonymous_4)","decl":{"start":{"line":34,"column":45},"end":{"line":34,"column":46}},"loc":{"start":{"line":34,"column":54},"end":{"line":41,"column":3}}}},"branchMap":{"0":{"loc":{"start":{"line":35,"column":4},"end":{"line":39,"column":null}},"type":"if","locations":[{"start":{"line":35,"column":4},"end":{"line":39,"column":null}},{"start":{"line":35,"column":4},"end":{"line":39,"column":null}}]},"1":{"loc":{"start":{"line":45,"column":2},"end":{"line":52,"column":null}},"type":"if","locations":[{"start":{"line":45,"column":2},"end":{"line":52,"column":null}},{"start":{"line":45,"column":2},"end":{"line":52,"column":null}}]}},"s":{"0":1,"1":3,"2":3,"3":3,"4":3,"5":3,"6":3,"7":3,"8":2,"9":1,"10":1,"11":1,"12":1,"13":3,"14":3,"15":3,"16":0,"17":3,"18":1},"f":{"0":3,"1":2},"b":{"0":[1,1],"1":[3,0]}}
,"/home/kneazle/Learn/PokemonDesk/src/utils/toCapitalizeFirstLetter.ts": {"path":"/home/kneazle/Learn/PokemonDesk/src/utils/toCapitalizeFirstLetter.ts","statementMap":{"0":{"start":{"line":2,"column":2},"end":{"line":2,"column":22}},"1":{"start":{"line":2,"column":12},"end":{"line":2,"column":22}},"2":{"start":{"line":4,"column":2},"end":{"line":4,"column":59}},"3":{"start":{"line":7,"column":0},"end":{"line":7,"column":39}}},"fnMap":{"0":{"name":"toCapitalizeFirstLetter","decl":{"start":{"line":1,"column":9},"end":{"line":1,"column":32}},"loc":{"start":{"line":1,"column":44},"end":{"line":5,"column":1}}}},"branchMap":{"0":{"loc":{"start":{"line":2,"column":2},"end":{"line":2,"column":22}},"type":"if","locations":[{"start":{"line":2,"column":2},"end":{"line":2,"column":22}},{"start":{"line":2,"column":2},"end":{"line":2,"column":22}}]}},"s":{"0":3,"1":1,"2":2,"3":1},"f":{"0":3},"b":{"0":[1,2]}}
}
