TN:
SF:src/Heading/index.tsx
FN:8,(anonymous_1)
FNF:1
FNH:1
FNDA:3,(anonymous_1)
DA:1,1
DA:2,1
DA:8,3
DA:10,3
DA:11,1
DA:12,0
DA:13,0
DA:14,0
DA:15,0
DA:16,0
DA:18,3
DA:21,1
LF:12
LH:7
BRDA:10,0,0,2
BRDA:10,0,1,1
BRDA:11,1,0,1
BRDA:11,1,1,0
BRDA:12,2,0,0
BRDA:12,2,1,0
BRDA:13,3,0,0
BRDA:13,3,1,0
BRDA:14,4,0,0
BRDA:14,4,1,0
BRDA:15,5,0,0
BRDA:15,5,1,0
BRF:12
BRH:3
end_of_record
TN:
SF:src/config/index.tsx
FNF:0
FNH:0
DA:1,1
DA:42,1
LF:2
LH:2
BRF:0
BRH:0
end_of_record
TN:
SF:src/utils/getUrlWithParamsConfig.ts
FN:18,getUrlWithParamsConfig
FN:34,(anonymous_4)
FNF:2
FNH:2
FNDA:3,getUrlWithParamsConfig
FNDA:2,(anonymous_4)
DA:1,1
DA:19,3
DA:20,3
DA:22,3
DA:30,3
DA:34,3
DA:35,2
DA:36,1
DA:37,1
DA:38,1
DA:40,1
DA:43,3
DA:45,3
DA:46,3
DA:51,0
DA:54,3
DA:61,1
LF:17
LH:16
BRDA:35,0,0,1
BRDA:35,0,1,1
BRDA:45,1,0,3
BRDA:45,1,1,0
BRF:4
BRH:3
end_of_record
TN:
SF:src/utils/toCapitalizeFirstLetter.ts
FN:1,toCapitalizeFirstLetter
FNF:1
FNH:1
FNDA:3,toCapitalizeFirstLetter
DA:2,3
DA:4,2
DA:7,1
LF:3
LH:3
BRDA:2,0,0,1
BRDA:2,0,1,2
BRF:2
BRH:2
end_of_record
